-------------------------------------------------------------------------------
Test set: com.portfolio.mgb.MgbApplicationTests
-------------------------------------------------------------------------------
Tests run: 1, Failures: 0, Errors: 1, Skipped: 0, Time elapsed: 10.838 s <<< FAILURE! - in com.portfolio.mgb.MgbApplicationTests
contextLoads  Time elapsed: 0.013 s  <<< ERROR!
java.lang.IllegalStateException: Failed to load ApplicationContext
Caused by: org.springframework.beans.factory.BeanCreationException: Error creating bean with name 'entityManagerFactory' defined in class path resource [org/springframework/boot/autoconfigure/orm/jpa/HibernateJpaConfiguration.class]: Invocation of init method failed; nested exception is javax.persistence.PersistenceException: [PersistenceUnit: default] Unable to build Hibernate SessionFactory; nested exception is java.lang.RuntimeException: Driver org.h2.Driver claims to not accept jdbcUrl, jdbc:bwlrrvmifirt2eu2qgte-mysql.services.clever-cloud.com?useSSL=false&serverTimezone=UTC
Caused by: javax.persistence.PersistenceException: [PersistenceUnit: default] Unable to build Hibernate SessionFactory; nested exception is java.lang.RuntimeException: Driver org.h2.Driver claims to not accept jdbcUrl, jdbc:bwlrrvmifirt2eu2qgte-mysql.services.clever-cloud.com?useSSL=false&serverTimezone=UTC
Caused by: java.lang.RuntimeException: Driver org.h2.Driver claims to not accept jdbcUrl, jdbc:bwlrrvmifirt2eu2qgte-mysql.services.clever-cloud.com?useSSL=false&serverTimezone=UTC

